2025-11-25 20:47:21,877 - INFO - Starting batch valuation process for database: valuations.db
2025-11-25 20:47:21,877 - INFO - Initialized ValuationService with database: valuations.db
2025-11-25 20:47:21,877 - INFO - Starting batch valuation for all companies
2025-11-25 20:47:21,879 - INFO - Fetched 6 companies from database
2025-11-25 20:47:21,879 - INFO - Fetched data for company ID 18: BioTech Innovations
2025-11-25 20:47:21,879 - INFO - Starting valuation for BioTech Innovations (ID: 18)
2025-11-25 20:47:21,880 - INFO - Valuation completed for BioTech Innovations: Fair Value $6,732,622, Recommendation: UNDERWEIGHT
2025-11-25 20:47:21,881 - INFO - Saved valuation results for company ID 18
2025-11-25 20:47:21,881 - INFO - Complete valuation workflow successful for BioTech Innovations
2025-11-25 20:47:21,881 - INFO - Fetched data for company ID 16: FinTech Solutions
2025-11-25 20:47:21,881 - INFO - Starting valuation for FinTech Solutions (ID: 16)
2025-11-25 20:47:21,883 - INFO - Valuation completed for FinTech Solutions: Fair Value $25,764,811, Recommendation: HOLD
2025-11-25 20:47:21,883 - INFO - Saved valuation results for company ID 16
2025-11-25 20:47:21,883 - INFO - Complete valuation workflow successful for FinTech Solutions
2025-11-25 20:47:21,884 - INFO - Fetched data for company ID 14: GreenEnergy Corp
2025-11-25 20:47:21,884 - INFO - Starting valuation for GreenEnergy Corp (ID: 14)
2025-11-25 20:47:21,885 - INFO - Valuation completed for GreenEnergy Corp: Fair Value $14,555,319, Recommendation: SELL
2025-11-25 20:47:21,885 - INFO - Saved valuation results for company ID 14
2025-11-25 20:47:21,885 - INFO - Complete valuation workflow successful for GreenEnergy Corp
2025-11-25 20:47:21,886 - INFO - Fetched data for company ID 17: Manufacturing Ltd
2025-11-25 20:47:21,886 - INFO - Starting valuation for Manufacturing Ltd (ID: 17)
2025-11-25 20:47:21,887 - INFO - Valuation completed for Manufacturing Ltd: Fair Value $4,982,837, Recommendation: SELL
2025-11-25 20:47:21,888 - INFO - Saved valuation results for company ID 17
2025-11-25 20:47:21,888 - INFO - Complete valuation workflow successful for Manufacturing Ltd
2025-11-25 20:47:21,888 - INFO - Fetched data for company ID 15: RetailCo
2025-11-25 20:47:21,888 - INFO - Starting valuation for RetailCo (ID: 15)
2025-11-25 20:47:21,890 - INFO - Valuation completed for RetailCo: Fair Value $542,567, Recommendation: SELL
2025-11-25 20:47:21,891 - INFO - Saved valuation results for company ID 15
2025-11-25 20:47:21,891 - INFO - Complete valuation workflow successful for RetailCo
2025-11-25 20:47:21,891 - INFO - Fetched data for company ID 13: TechStartup Inc
2025-11-25 20:47:21,891 - INFO - Starting valuation for TechStartup Inc (ID: 13)
2025-11-25 20:47:21,892 - INFO - Valuation completed for TechStartup Inc: Fair Value $2,358,729, Recommendation: SELL
2025-11-25 20:47:21,893 - INFO - Saved valuation results for company ID 13
2025-11-25 20:47:21,893 - INFO - Complete valuation workflow successful for TechStartup Inc
2025-11-25 20:47:21,893 - INFO - Batch valuation complete: 6/6 successful
2025-11-25 20:47:21,893 - INFO - Batch valuation complete: 6/6 successful
2025-11-25 20:47:34,036 - INFO - Starting batch valuation process for database: valuations.db
2025-11-25 20:47:34,036 - INFO - Initialized ValuationService with database: valuations.db
2025-11-25 20:47:34,036 - INFO - Starting batch valuation for all companies
2025-11-25 20:47:34,036 - INFO - Fetched 6 companies from database
2025-11-25 20:47:34,037 - INFO - Fetched data for company ID 18: BioTech Innovations
2025-11-25 20:47:34,037 - INFO - Starting valuation for BioTech Innovations (ID: 18)
2025-11-25 20:47:34,038 - INFO - Valuation completed for BioTech Innovations: Fair Value $6,732,622, Recommendation: UNDERWEIGHT
2025-11-25 20:47:34,039 - INFO - Saved valuation results for company ID 18
2025-11-25 20:47:34,039 - INFO - Complete valuation workflow successful for BioTech Innovations
2025-11-25 20:47:34,039 - INFO - Fetched data for company ID 16: FinTech Solutions
2025-11-25 20:47:34,039 - INFO - Starting valuation for FinTech Solutions (ID: 16)
2025-11-25 20:47:34,041 - INFO - Valuation completed for FinTech Solutions: Fair Value $25,764,811, Recommendation: HOLD
2025-11-25 20:47:34,041 - INFO - Saved valuation results for company ID 16
2025-11-25 20:47:34,041 - INFO - Complete valuation workflow successful for FinTech Solutions
2025-11-25 20:47:34,041 - INFO - Fetched data for company ID 14: GreenEnergy Corp
2025-11-25 20:47:34,041 - INFO - Starting valuation for GreenEnergy Corp (ID: 14)
2025-11-25 20:47:34,043 - INFO - Valuation completed for GreenEnergy Corp: Fair Value $14,555,319, Recommendation: SELL
2025-11-25 20:47:34,044 - INFO - Saved valuation results for company ID 14
2025-11-25 20:47:34,044 - INFO - Complete valuation workflow successful for GreenEnergy Corp
2025-11-25 20:47:34,044 - INFO - Fetched data for company ID 17: Manufacturing Ltd
2025-11-25 20:47:34,044 - INFO - Starting valuation for Manufacturing Ltd (ID: 17)
2025-11-25 20:47:34,045 - INFO - Valuation completed for Manufacturing Ltd: Fair Value $4,982,837, Recommendation: SELL
2025-11-25 20:47:34,046 - INFO - Saved valuation results for company ID 17
2025-11-25 20:47:34,046 - INFO - Complete valuation workflow successful for Manufacturing Ltd
2025-11-25 20:47:34,046 - INFO - Fetched data for company ID 15: RetailCo
2025-11-25 20:47:34,046 - INFO - Starting valuation for RetailCo (ID: 15)
2025-11-25 20:47:34,048 - INFO - Valuation completed for RetailCo: Fair Value $542,567, Recommendation: SELL
2025-11-25 20:47:34,048 - INFO - Saved valuation results for company ID 15
2025-11-25 20:47:34,048 - INFO - Complete valuation workflow successful for RetailCo
2025-11-25 20:47:34,049 - INFO - Fetched data for company ID 13: TechStartup Inc
2025-11-25 20:47:34,049 - INFO - Starting valuation for TechStartup Inc (ID: 13)
2025-11-25 20:47:34,050 - INFO - Valuation completed for TechStartup Inc: Fair Value $2,358,729, Recommendation: SELL
2025-11-25 20:47:34,051 - INFO - Saved valuation results for company ID 13
2025-11-25 20:47:34,051 - INFO - Complete valuation workflow successful for TechStartup Inc
2025-11-25 20:47:34,051 - INFO - Batch valuation complete: 6/6 successful
2025-11-25 20:47:34,051 - INFO - Batch valuation complete: 6/6 successful
2025-11-25 20:48:12,412 - INFO - Starting batch valuation process for database: valuations.db
2025-11-25 20:48:12,412 - INFO - Initialized ValuationService with database: valuations.db
2025-11-25 20:48:12,412 - INFO - Starting batch valuation for all companies
2025-11-25 20:48:12,415 - INFO - Fetched 6 companies from database
2025-11-25 20:48:12,415 - INFO - Fetched data for company ID 18: BioTech Innovations
2025-11-25 20:48:12,415 - INFO - Starting valuation for BioTech Innovations (ID: 18)
2025-11-25 20:48:12,417 - INFO - Valuation completed for BioTech Innovations: Fair Value $7,905,638, Recommendation: HOLD
2025-11-25 20:48:12,417 - INFO - Saved valuation results for company ID 18
2025-11-25 20:48:12,418 - INFO - Complete valuation workflow successful for BioTech Innovations
2025-11-25 20:48:12,418 - INFO - Fetched data for company ID 16: FinTech Solutions
2025-11-25 20:48:12,418 - INFO - Starting valuation for FinTech Solutions (ID: 16)
2025-11-25 20:48:12,419 - INFO - Valuation completed for FinTech Solutions: Fair Value $21,317,956, Recommendation: UNDERWEIGHT
2025-11-25 20:48:12,420 - INFO - Saved valuation results for company ID 16
2025-11-25 20:48:12,420 - INFO - Complete valuation workflow successful for FinTech Solutions
2025-11-25 20:48:12,420 - INFO - Fetched data for company ID 14: GreenEnergy Corp
2025-11-25 20:48:12,420 - INFO - Starting valuation for GreenEnergy Corp (ID: 14)
2025-11-25 20:48:12,422 - INFO - Valuation completed for GreenEnergy Corp: Fair Value $14,305,096, Recommendation: SELL
2025-11-25 20:48:12,422 - INFO - Saved valuation results for company ID 14
2025-11-25 20:48:12,422 - INFO - Complete valuation workflow successful for GreenEnergy Corp
2025-11-25 20:48:12,422 - INFO - Fetched data for company ID 17: Manufacturing Ltd
2025-11-25 20:48:12,423 - INFO - Starting valuation for Manufacturing Ltd (ID: 17)
2025-11-25 20:48:12,424 - INFO - Valuation completed for Manufacturing Ltd: Fair Value $8,202,853, Recommendation: SELL
2025-11-25 20:48:12,424 - INFO - Saved valuation results for company ID 17
2025-11-25 20:48:12,425 - INFO - Complete valuation workflow successful for Manufacturing Ltd
2025-11-25 20:48:12,425 - INFO - Fetched data for company ID 15: RetailCo
2025-11-25 20:48:12,425 - INFO - Starting valuation for RetailCo (ID: 15)
2025-11-25 20:48:12,426 - INFO - Valuation completed for RetailCo: Fair Value $1,637,316, Recommendation: SELL
2025-11-25 20:48:12,427 - INFO - Saved valuation results for company ID 15
2025-11-25 20:48:12,427 - INFO - Complete valuation workflow successful for RetailCo
2025-11-25 20:48:12,427 - INFO - Fetched data for company ID 13: TechStartup Inc
2025-11-25 20:48:12,427 - INFO - Starting valuation for TechStartup Inc (ID: 13)
2025-11-25 20:48:12,428 - INFO - Valuation completed for TechStartup Inc: Fair Value $2,617,875, Recommendation: UNDERWEIGHT
2025-11-25 20:48:12,429 - INFO - Saved valuation results for company ID 13
2025-11-25 20:48:12,429 - INFO - Complete valuation workflow successful for TechStartup Inc
2025-11-25 20:48:12,429 - INFO - Batch valuation complete: 6/6 successful
2025-11-25 20:48:12,429 - INFO - Batch valuation complete: 6/6 successful
2025-11-25 20:48:22,025 - INFO - Starting batch valuation process for database: valuations.db
2025-11-25 20:48:22,025 - INFO - Initialized ValuationService with database: valuations.db
2025-11-25 20:48:22,025 - INFO - Starting batch valuation for all companies
2025-11-25 20:48:22,025 - INFO - Fetched 6 companies from database
2025-11-25 20:48:22,025 - INFO - Fetched data for company ID 18: BioTech Innovations
2025-11-25 20:48:22,025 - INFO - Starting valuation for BioTech Innovations (ID: 18)
2025-11-25 20:48:22,027 - INFO - Valuation completed for BioTech Innovations: Fair Value $7,905,638, Recommendation: HOLD
2025-11-25 20:48:22,027 - INFO - Saved valuation results for company ID 18
2025-11-25 20:48:22,028 - INFO - Complete valuation workflow successful for BioTech Innovations
2025-11-25 20:48:22,028 - INFO - Fetched data for company ID 16: FinTech Solutions
2025-11-25 20:48:22,028 - INFO - Starting valuation for FinTech Solutions (ID: 16)
2025-11-25 20:48:22,029 - INFO - Valuation completed for FinTech Solutions: Fair Value $21,317,956, Recommendation: UNDERWEIGHT
2025-11-25 20:48:22,030 - INFO - Saved valuation results for company ID 16
2025-11-25 20:48:22,030 - INFO - Complete valuation workflow successful for FinTech Solutions
2025-11-25 20:48:22,030 - INFO - Fetched data for company ID 14: GreenEnergy Corp
2025-11-25 20:48:22,030 - INFO - Starting valuation for GreenEnergy Corp (ID: 14)
2025-11-25 20:48:22,031 - INFO - Valuation completed for GreenEnergy Corp: Fair Value $14,305,096, Recommendation: SELL
2025-11-25 20:48:22,032 - INFO - Saved valuation results for company ID 14
2025-11-25 20:48:22,032 - INFO - Complete valuation workflow successful for GreenEnergy Corp
2025-11-25 20:48:22,032 - INFO - Fetched data for company ID 17: Manufacturing Ltd
2025-11-25 20:48:22,032 - INFO - Starting valuation for Manufacturing Ltd (ID: 17)
2025-11-25 20:48:22,034 - INFO - Valuation completed for Manufacturing Ltd: Fair Value $8,202,853, Recommendation: SELL
2025-11-25 20:48:22,035 - INFO - Saved valuation results for company ID 17
2025-11-25 20:48:22,035 - INFO - Complete valuation workflow successful for Manufacturing Ltd
2025-11-25 20:48:22,035 - INFO - Fetched data for company ID 15: RetailCo
2025-11-25 20:48:22,035 - INFO - Starting valuation for RetailCo (ID: 15)
2025-11-25 20:48:22,036 - INFO - Valuation completed for RetailCo: Fair Value $1,637,316, Recommendation: SELL
2025-11-25 20:48:22,037 - INFO - Saved valuation results for company ID 15
2025-11-25 20:48:22,037 - INFO - Complete valuation workflow successful for RetailCo
2025-11-25 20:48:22,037 - INFO - Fetched data for company ID 13: TechStartup Inc
2025-11-25 20:48:22,037 - INFO - Starting valuation for TechStartup Inc (ID: 13)
2025-11-25 20:48:22,039 - INFO - Valuation completed for TechStartup Inc: Fair Value $2,617,875, Recommendation: UNDERWEIGHT
2025-11-25 20:48:22,040 - INFO - Saved valuation results for company ID 13
2025-11-25 20:48:22,040 - INFO - Complete valuation workflow successful for TechStartup Inc
2025-11-25 20:48:22,040 - INFO - Batch valuation complete: 6/6 successful
2025-11-25 20:48:22,040 - INFO - Batch valuation complete: 6/6 successful
